a:\downloads\mart\x64\debug\vc143.pdb
a:\downloads\mart\x64\debug\.netframework,version=v4.7.2.assemblyattributes.obj
a:\downloads\mart\x64\debug\painting.obj
a:\downloads\mart\x64\debug\page1.obj
a:\downloads\mart\x64\debug\forxml.obj
a:\downloads\mart\x64\debug\formforartist1.obj
a:\downloads\mart\x64\debug\mart.exe
a:\downloads\mart\x64\debug\formforartist.obj
a:\downloads\mart\x64\debug\mart.pdb
a:\downloads\mart\x64\debug\mart.exe.metagen
a:\downloads\mart\x64\debug\mart.tlog\cl.command.1.tlog
a:\downloads\mart\x64\debug\mart.tlog\cl.items.tlog
a:\downloads\mart\x64\debug\mart.tlog\cl.read.1.tlog
a:\downloads\mart\x64\debug\mart.tlog\cl.write.1.tlog
a:\downloads\mart\x64\debug\mart.tlog\link.command.1.tlog
a:\downloads\mart\x64\debug\mart.tlog\link.read.1.tlog
a:\downloads\mart\x64\debug\mart.tlog\link.write.1.tlog
a:\downloads\mart\x64\debug\mart.tlog\metagen.read.1.tlog
a:\downloads\mart\x64\debug\mart.tlog\metagen.write.1.tlog
a:\downloads\mart\x64\debug\mart.tlog\resgen.command.1.tlog
a:\downloads\mart\x64\debug\mart.tlog\resgen.read.1.tlog
a:\downloads\mart\x64\debug\mart.tlog\resgen.write.1.tlog
