c:\users\arina\source\repos\mart\mart\x64\debug\vc143.pdb
c:\users\arina\source\repos\mart\mart\x64\debug\.netframework,version=v4.7.2.assemblyattributes.obj
c:\users\arina\source\repos\mart\mart\x64\debug\forxml.obj
c:\users\arina\source\repos\mart\mart\x64\debug\formforartist1.obj
c:\users\arina\source\repos\nymph-s-coursework-master\mart\x64\debug\vc143.pdb
c:\users\arina\source\repos\nymph-s-coursework-master\mart\x64\debug\.netframework,version=v4.7.2.assemblyattributes.obj
c:\users\arina\source\repos\nymph-s-coursework-master\mart\x64\debug\painting.obj
c:\users\arina\source\repos\nymph-s-coursework-master\mart\x64\debug\page1.obj
c:\users\arina\source\repos\nymph-s-coursework-master\mart\x64\debug\forxml.obj
c:\users\arina\source\repos\nymph-s-coursework-master\mart\x64\debug\formforartist1.obj
c:\users\arina\source\repos\nymph-s-coursework-master\x64\debug\mart.exe
c:\users\arina\source\repos\nymph-s-coursework-master\mart\x64\debug\mart.vcxproj.assemblyreference.cache
c:\users\arina\source\repos\nymph-s-coursework-master\x64\debug\mart.pdb
c:\users\arina\source\repos\nymph-s-coursework-master\mart\x64\debug\mart.tlog\cl.command.1.tlog
c:\users\arina\source\repos\nymph-s-coursework-master\mart\x64\debug\mart.tlog\cl.read.1.tlog
c:\users\arina\source\repos\nymph-s-coursework-master\mart\x64\debug\mart.tlog\cl.write.1.tlog
c:\users\arina\source\repos\nymph-s-coursework-master\mart\x64\debug\mart.tlog\metagen.read.1.tlog
c:\users\arina\source\repos\nymph-s-coursework-master\mart\x64\debug\mart.tlog\metagen.write.1.tlog
c:\users\arina\source\repos\nymph-s-coursework-master\mart\x64\debug\mart.tlog\resgen.command.1.tlog
c:\users\arina\source\repos\nymph-s-coursework-master\mart\x64\debug\mart.tlog\resgen.read.1.tlog
c:\users\arina\source\repos\nymph-s-coursework-master\mart\x64\debug\mart.tlog\resgen.write.1.tlog
